2024-03-12 00:18:59,247: - ERROR:
2024-03-12 01:00:54,482: - ERROR:
2024-03-12 01:00:59,111: - ERROR:
2024-03-12 01:05:17,411: - ERROR:name 'test_post_get_access_token' is not defined
2024-03-14 11:58:38,301: - ERROR:
2024-03-14 11:59:00,527: - ERROR:
2024-03-14 12:00:27,713: - ERROR:
2024-03-14 12:02:51,810: - ERROR:module 'data' has no attribute 'read'
2024-03-14 12:03:00,021: - ERROR:the JSON object must be str, bytes or bytearray, not module
2024-03-14 12:34:25,510: - ERROR:
2024-03-15 00:43:07,506: - ERROR:
2024-03-15 00:45:40,265: - ERROR:local variable 'groupId' referenced before assignment
2024-03-15 00:45:46,463: - ERROR:local variable 'groupId' referenced before assignment
2024-03-15 00:47:50,851: - ERROR:local variable 'groupId' referenced before assignment
2024-03-15 00:49:34,331: - ERROR:local variable 'groupId' referenced before assignment
2024-03-15 00:50:36,924: - ERROR:local variable 'groupId' referenced before assignment
2024-03-15 00:51:17,589: - ERROR:local variable 'groupId' referenced before assignment
2024-03-15 00:52:15,428: - ERROR:local variable 'groupId' referenced before assignment
2024-03-15 00:53:00,259: - ERROR:local variable 'groupId' referenced before assignment
2024-03-15 00:53:18,187: - ERROR:local variable 'groupId' referenced before assignment
2024-03-15 00:54:42,317: - ERROR:local variable 'groupId' referenced before assignment
2024-03-15 10:45:41,381: - ERROR:local variable 'groupId' referenced before assignment
2024-03-15 10:53:54,663: - ERROR:
2024-03-15 10:54:13,182: - ERROR:
2024-03-15 10:58:18,946: - ERROR:
2024-03-15 10:58:29,276: - ERROR:
2024-03-21 01:31:11,827: - ERROR:local variable 'response' referenced before assignment
2024-03-21 01:34:57,344: - ERROR:local variable 'response' referenced before assignment
2024-03-21 01:35:01,087: - ERROR:local variable 'response' referenced before assignment
2024-03-21 01:50:06,422: - ERROR:string indices must be integers
2024-03-21 01:50:59,513: - ERROR:
2024-03-21 01:51:15,745: - ERROR:
2024-03-21 02:01:25,005: - ERROR:local variable 'response' referenced before assignment
